<?xml version="1.0" encoding="UTF-8" ?>
<testsuite failures="0" time="0.284" errors="0" skipped="0" tests="3" name="no.knowit.trafikantenkiller.TrafikantenKillerTest">
  <properties>
[...]
</properties>
  <testcase time="0.258" classname="no.knowit.trafikantenkiller.TrafikantenKillerTest" name="testHentingAvHopOptimertRute"/>
  <testcase time="0" classname="no.knowit.trafikantenkiller.TrafikantenKillerTest" name="testHentingAvTidsOptimertRute"/>
  <testcase time="0.003" classname="no.knowit.trafikantenkiller.TrafikantenKillerTest" name="testPrintingRoute"/>
</testsuite>